#
# A fatal error has been detected by the Java Runtime Environment:
#
#  SIGSEGV (0xb) at pc=0x0000000100f61038, pid=1709, tid=36355
#
# JRE version: OpenJDK Runtime Environment Zulu15.46+17-CA (15.0.10+5) (build 15.0.10+5-MTS)
# Java VM: OpenJDK 64-Bit Server VM Zulu15.46+17-CA (15.0.10+5-MTS, mixed mode, tiered, compressed oops, g1 gc, bsd-aarch64)
# Problematic frame:
# C  [python3.11+0x1dd038]  gc_collect_main+0x2a8
#
# No core dump will be written. Core dumps have been disabled. To enable core dumping, try "ulimit -c unlimited" before starting Java again
#
# If you would like to submit a bug report, please visit:
#   http://www.azul.com/support/
# The crash happened outside the Java Virtual Machine in native code.
# See problematic frame for where to report the bug.
#

---------------  S U M M A R Y ------------

Command Line: -Dfile.encoding=UTF8 -ea -Xmx1024m 

Host: MacBookPro18,2 arm64 1 MHz, 10 cores, 32G, Darwin 22.4.0
Time: Sun Apr 30 16:10:06 2023 KST elapsed time: 0.126826 seconds (0d 0h 0m 0s)

---------------  T H R E A D  ---------------

Current thread (0x0000000113ea8c00):  JavaThread "Python Reference Queue" daemon [_thread_in_native, id=36355, stack(0x000000035f364000,0x000000035f567000)]

Stack: [0x000000035f364000,0x000000035f567000],  sp=0x000000035f566760,  free space=2057k
Native frames: (J=compiled Java code, A=aot compiled Java code, j=interpreted, Vv=VM code, C=native code)
C  [python3.11+0x1dd038]  gc_collect_main+0x2a8
C  [python3.11+0x1de450]  PyGC_Collect+0x9c
C  [_jpype.cpython-311-darwin.so+0x1cc44]  JPGarbageCollection::triggered()+0x38
C  [_jpype.cpython-311-darwin.so+0x29264]  Java_org_jpype_ref_JPypeReferenceNative_wake+0x1c
j  org.jpype.ref.JPypeReferenceNative.wake()V+0
j  org.jpype.ref.JPypeReferenceQueue$Worker.run()V+42
j  java.lang.Thread.run()V+11 java.base@15.0.10
v  ~StubRoutines::call_stub
V  [libjvm.dylib+0x3e1338]  JavaCalls::call_helper(JavaValue*, methodHandle const&, JavaCallArguments*, Thread*)+0x324
V  [libjvm.dylib+0x3e0410]  JavaCalls::call_virtual(JavaValue*, Klass*, Symbol*, Symbol*, JavaCallArguments*, Thread*)+0xf8
V  [libjvm.dylib+0x3e04d8]  JavaCalls::call_virtual(JavaValue*, Handle, Klass*, Symbol*, Symbol*, Thread*)+0x64
V  [libjvm.dylib+0x48eae0]  thread_entry(JavaThread*, Thread*)+0xbc
V  [libjvm.dylib+0x8cb6ac]  JavaThread::thread_main_inner()+0xa0
V  [libjvm.dylib+0x8c8ba8]  Thread::call_run()+0x88
V  [libjvm.dylib+0x711f3c]  thread_native_entry(Thread*)+0x1d0
C  [libsystem_pthread.dylib+0x6fa8]  _pthread_start+0x94

Java frames: (J=compiled Java code, j=interpreted, Vv=VM code)
j  org.jpype.ref.JPypeReferenceNative.wake()V+0
j  org.jpype.ref.JPypeReferenceQueue$Worker.run()V+42
j  java.lang.Thread.run()V+11 java.base@15.0.10
v  ~StubRoutines::call_stub

siginfo: si_signo: 11 (SIGSEGV), si_code: 2 (SEGV_ACCERR), si_addr: 0x000000016d0801f8

Register to memory mapping:

 x0=0x00000002aa4bc6b0 points into unknown readable memory: 0x0000000101200938 | 38 09 20 01 01 00 00 00
 x1=0x0000000000000002 is an unknown value
 x2=0x000000035f5668c0 is pointing into the stack for thread: 0x0000000113ea8c00
 x3=0x000000035f5668b8 is pointing into the stack for thread: 0x0000000113ea8c00
 x4=0x0 is NULL
 x5=0x00008f0300000000 is an unknown value
 x6=0x0000000000000001 is an unknown value
 x7=0x0 is NULL
 x8=