#
# A fatal error has been detected by the Java Runtime Environment:
#
#  SIGSEGV (0xb) at pc=0x000000018de77714, pid=3734, tid=45063
#
# JRE version: OpenJDK Runtime Environment Zulu15.46+17-CA (15.0.10+5) (build 15.0.10+5-MTS)
# Java VM: OpenJDK 64-Bit Server VM Zulu15.46+17-CA (15.0.10+5-MTS, mixed mode, tiered, compressed oops, g1 gc, bsd-aarch64)
# Problematic frame:
# C  [libsystem_malloc.dylib+0x7714]  small_free_list_remove_ptr_no_clear+0xd8
#
# No core dump will be written. Core dumps have been disabled. To enable core dumping, try "ulimit -c unlimited" before starting Java again
#
# If you would like to submit a bug report, please visit:
#   http://www.azul.com/support/
#

---------------  S U M M A R Y ------------

Command Line: -Dfile.encoding=UTF8 -ea -Xmx1024m 

Host: MacBookPro18,2 arm64 1 MHz, 10 cores, 32G, Darwin 22.4.0
Time: Tue May  2 04:28:46 2023 KST elapsed time: 1.906358 seconds (0d 0h 0m 1s)

---------------  T H R E A D  ---------------

Current thread (0x000000077c714a00):  JavaThread "C2 CompilerThread2" daemon [_thread_in_native, id=45063, stack(0x00000002ce474000,0x00000002ce677000)]


Current CompileTask:
C2:   1906 2175       4       org.openkoreantext.processor.util.KoreanConjugation$::$anonfun$conjugatePredicated$1 (4900 bytes)

Stack: [0x00000002ce474000,0x00000002ce677000],  sp=0x00000002ce673a80,  free space=2046k
Native frames: (J=compiled Java code, A=aot compiled Java code, j=interpreted, Vv=VM code, C=native code)
C  [libsystem_malloc.dylib+0x7714]  small_free_list_remove_ptr_no_clear+0xd8
C  [libsystem_malloc.dylib+0xe334]  small_free_detach_region+0x8c
C  [libsystem_malloc.dylib+0x26cc]  small_malloc_should_clear+0x350
C  [libsystem_malloc.dylib+0x2270]  szone_malloc_should_clear+0x80
V  [libjvm.dylib+0x70d930]  os::malloc(unsigned long, MemoryType, NativeCallStack const&)+0xc4
V  [libjvm.dylib+0xcf1c4]  ChunkPool::allocate(unsigned long, AllocFailStrategy::AllocFailEnum)+0xe8
V  [libjvm.dylib+0xcfdf4]  Arena::grow(unsigned long, AllocFailStrategy::AllocFailEnum)+0x3c
V  [libjvm.dylib+0x786578]  PhaseChaitin::Split(unsigned int, ResourceArea*)+0x664
V  [libjvm.dylib+0x1baa4c]  PhaseChaitin::Register_Allocate()+0x3b4
V  [libjvm.dylib+0x22b940]  Compile::Code_Gen()+0x3a0
V  [libjvm.dylib+0x228ab0]  Compile::Compile(ciEnv*, ciMethod*, int, bool, bool, bool, DirectiveSet*)+0xbfc
V  [libjvm.dylib+0x1a0004]  C2Compiler::compile_method(ciEnv*, ciMethod*, int, DirectiveSet*)+0xc8
V  [libjvm.dylib+0x23a130]  CompileBroker::invoke_compiler_on_method(CompileTask*)+0x50c
V  [libjvm.dylib+0x239b94]  CompileBroker::compiler_thread_loop()+0x448
V  [libjvm.dylib+0x8cb6ac]  JavaThread::thread_main_inner()+0xa0
V  [libjvm.dylib+0x8c8ba8]  Thread::call_run()+0x88
V  [libjvm.dylib+0x711f3c]  thread_native_entry(Thread*)+0x1d0
C  [libsystem_pthread.dylib+0x6fa8]  _pthread_start+0x94


siginfo: si_signo: 11 (SIGSEGV), si_code: 2 (SEGV_ACCERR), si_addr: 0x000000016bd45a10

Register to memory mapping:

 x0=0x00000001026b4380 points into unknown readable memory: 0x0000000200000000 | 00 00 00 00 02 00 00 00
 x1=